<?xml version="1.0" encoding="UTF-8"?>
<!-- Generated by org.testng.reporters.JUnitXMLReporter -->
<testsuite ignored="0" hostname="DESKTOP-90L69E2" failures="1" tests="1" name="validateTitle" time="9.342" errors="0" timestamp="2021-08-16T23:41:06 IST">
  <testcase classname="Academy.E2EProject2.validateTitle" name="validateAppTitle" time="0.043">
    <failure type="java.lang.AssertionError" message="expected [FEATURED COURSES123] but found [FEATURED COURSES]">
      <![CDATA[java.lang.AssertionError: expected [FEATURED COURSES123] but found [FEATURED COURSES]
at Academy.E2EProject2.validateTitle.validateAppTitle(validateTitle.java:31)
at java.base/java.util.ArrayList.forEach(ArrayList.java:1511)
... Removed 33 stack frames]]>
    </failure>
  </testcase> <!-- validateAppTitle -->
</testsuite> <!-- validateTitle -->
